  Lab 4A.cpp
  Submission.cpp
C:\FS\PG1\Lab4A\Lab 4A\Lab 4A\Submission.cpp(66,22): error C3646: 'Test1': unknown override specifier
C:\FS\PG1\Lab4A\Lab 4A\Lab 4A\Submission.cpp(66,28): error C2062: type 'int' unexpected
C:\FS\PG1\Lab4A\Lab 4A\Lab 4A\Submission.cpp(67,5): error C2334: unexpected token(s) preceding '{'; skipping apparent function body
C:\FS\PG1\Lab4A\Lab 4A\Lab 4A\Submission.cpp(106,48): error C2061: syntax error: identifier 'MathOperator'
C:\FS\PG1\Lab4A\Lab 4A\Lab 4A\Submission.cpp(37,1): error C1075: '{': no matching token found
  Test.cpp
C:\FS\PG1\Lab4A\Lab 4A\Lab 4A\Submission.cpp(66,22): error C3646: 'Test1': unknown override specifier
  (compiling source file 'Test.cpp')
  
C:\FS\PG1\Lab4A\Lab 4A\Lab 4A\Submission.cpp(66,28): error C2062: type 'int' unexpected
  (compiling source file 'Test.cpp')
  
C:\FS\PG1\Lab4A\Lab 4A\Lab 4A\Submission.cpp(67,5): error C2334: unexpected token(s) preceding '{'; skipping apparent function body
  (compiling source file 'Test.cpp')
  
C:\FS\PG1\Lab4A\Lab 4A\Lab 4A\Submission.cpp(106,48): error C2061: syntax error: identifier 'MathOperator'
  (compiling source file 'Test.cpp')
  
C:\Program Files\Microsoft Visual Studio\2022\Enterprise\VC\Tools\MSVC\14.38.33130\include\__msvc_int128.hpp(40,1): error C2059: syntax error: 'namespace'
  (compiling source file 'Test.cpp')
  
C:\Program Files\Microsoft Visual Studio\2022\Enterprise\VC\Tools\MSVC\14.38.33130\include\__msvc_int128.hpp(40,1): error C2334: unexpected token(s) preceding '{'; skipping apparent function body
  (compiling source file 'Test.cpp')
  
C:\Program Files\Microsoft Visual Studio\2022\Enterprise\VC\Tools\MSVC\14.38.33130\include\algorithm(31,1): error C2059: syntax error: 'string'
  (compiling source file 'Test.cpp')
  
C:\Program Files\Microsoft Visual Studio\2022\Enterprise\VC\Tools\MSVC\14.38.33130\include\algorithm(31,1): error C2334: unexpected token(s) preceding '{'; skipping apparent function body
  (compiling source file 'Test.cpp')
  
C:\Program Files\Microsoft Visual Studio\2022\Enterprise\VC\Tools\MSVC\14.38.33130\include\algorithm(81,1): error C2059: syntax error: 'namespace'
  (compiling source file 'Test.cpp')
  
C:\Program Files\Microsoft Visual Studio\2022\Enterprise\VC\Tools\MSVC\14.38.33130\include\algorithm(81,1): error C2334: unexpected token(s) preceding '{'; skipping apparent function body
  (compiling source file 'Test.cpp')
  
C:\Program Files\Microsoft Visual Studio\2022\Enterprise\VC\Tools\MSVC\14.38.33130\include\cmath(556,1): error C2059: syntax error: 'namespace'
  (compiling source file 'Test.cpp')
  
C:\Program Files\Microsoft Visual Studio\2022\Enterprise\VC\Tools\MSVC\14.38.33130\include\cmath(556,1): error C2334: unexpected token(s) preceding '{'; skipping apparent function body
  (compiling source file 'Test.cpp')
  
C:\Program Files\Microsoft Visual Studio\2022\Enterprise\VC\Tools\MSVC\14.38.33130\include\cmath(570,17): error C2039: '_Common_float_type_t': is not a member of 'std'
  (compiling source file 'Test.cpp')
  C:\Program Files\Microsoft Visual Studio\2022\Enterprise\VC\Tools\MSVC\14.38.33130\include\string(23,1):
  see declaration of 'std'
  
C:\Program Files\Microsoft Visual Studio\2022\Enterprise\VC\Tools\MSVC\14.38.33130\include\cmath(570,37): error C2988: unrecognizable template declaration/definition
  (compiling source file 'Test.cpp')
  
C:\Program Files\Microsoft Visual Studio\2022\Enterprise\VC\Tools\MSVC\14.38.33130\include\cmath(570,37): error C2143: syntax error: missing ';' before '<'
  (compiling source file 'Test.cpp')
  
C:\Program Files\Microsoft Visual Studio\2022\Enterprise\VC\Tools\MSVC\14.38.33130\include\cmath(570,1): error C2238: unexpected token(s) preceding ';'
  (compiling source file 'Test.cpp')
  
C:\Program Files\Microsoft Visual Studio\2022\Enterprise\VC\Tools\MSVC\14.38.33130\include\cmath(570,37): error C2059: syntax error: '<'
  (compiling source file 'Test.cpp')
  
C:\Program Files\Microsoft Visual Studio\2022\Enterprise\VC\Tools\MSVC\14.38.33130\include\cmath(570,49): error C2039: '_Common_float_type_t': is not a member of 'std'
  (compiling source file 'Test.cpp')
  C:\Program Files\Microsoft Visual Studio\2022\Enterprise\VC\Tools\MSVC\14.38.33130\include\string(23,1):
  see declaration of 'std'
  
C:\Program Files\Microsoft Visual Studio\2022\Enterprise\VC\Tools\MSVC\14.38.33130\include\cmath(571,72): error C2334: unexpected token(s) preceding '{'; skipping apparent function body
  (compiling source file 'Test.cpp')
  
C:\Program Files\Microsoft Visual Studio\2022\Enterprise\VC\Tools\MSVC\14.38.33130\include\cmath(583,6): error C2039: '_Common_float_type_t': is not a member of 'std'
  (compiling source file 'Test.cpp')
  C:\Program Files\Microsoft Visual Studio\2022\Enterprise\VC\Tools\MSVC\14.38.33130\include\string(23,1):
  see declaration of 'std'
  
C:\Program Files\Microsoft Visual Studio\2022\Enterprise\VC\Tools\MSVC\14.38.33130\include\cmath(583,26): error C2988: unrecognizable template declaration/definition
  (compiling source file 'Test.cpp')
  
C:\Program Files\Microsoft Visual Studio\2022\Enterprise\VC\Tools\MSVC\14.38.33130\include\cmath(583,26): error C2143: syntax error: missing ';' before '<'
  (compiling source file 'Test.cpp')
  
C:\Program Files\Microsoft Visual Studio\2022\Enterprise\VC\Tools\MSVC\14.38.33130\include\cmath(583,1): error C2238: unexpected token(s) preceding ';'
  (compiling source file 'Test.cpp')
  
C:\Program Files\Microsoft Visual Studio\2022\Enterprise\VC\Tools\MSVC\14.38.33130\include\cmath(583,26): error C2059: syntax error: '<'
  (compiling source file 'Test.cpp')
  
C:\Program Files\Microsoft Visual Studio\2022\Enterprise\VC\Tools\MSVC\14.38.33130\include\cmath(583,111): error C2334: unexpected token(s) preceding '{'; skipping apparent function body
  (compiling source file 'Test.cpp')
  
C:\Program Files\Microsoft Visual Studio\2022\Enterprise\VC\Tools\MSVC\14.38.33130\include\cmath(644,1): error C2039: '_Common_float_type_t': is not a member of 'std'
  (compiling source file 'Test.cpp')
  C:\Program Files\Microsoft Visual Studio\2022\Enterprise\VC\Tools\MSVC\14.38.33130\include\string(23,1):
  see declaration of 'std'
  
C:\Program Files\Microsoft Visual Studio\2022\Enterprise\VC\Tools\MSVC\14.38.33130\include\cmath(644,1): error C2988: unrecognizable template declaration/definition
  (compiling source file 'Test.cpp')
  
C:\Program Files\Microsoft Visual Studio\2022\Enterprise\VC\Tools\MSVC\14.38.33130\include\cmath(644,1): error C2143: syntax error: missing ';' before '<'
  (compiling source file 'Test.cpp')
  
C:\Program Files\Microsoft Visual Studio\2022\Enterprise\VC\Tools\MSVC\14.38.33130\include\cmath(644,1): error C2238: unexpected token(s) preceding ';'
  (compiling source file 'Test.cpp')
  
C:\Program Files\Microsoft Visual Studio\2022\Enterprise\VC\Tools\MSVC\14.38.33130\include\cmath(644,1): error C2059: syntax error: '<'
  (compiling source file 'Test.cpp')
  
C:\Program Files\Microsoft Visual Studio\2022\Enterprise\VC\Tools\MSVC\14.38.33130\include\cmath(644,1): error C2334: unexpected token(s) preceding '{'; skipping apparent function body
  (compiling source file 'Test.cpp')
  
C:\Program Files\Microsoft Visual Studio\2022\Enterprise\VC\Tools\MSVC\14.38.33130\include\cmath(671,1): error C2039: '_Common_float_type_t': is not a member of 'std'
  (compiling source file 'Test.cpp')
  C:\Program Files\Microsoft Visual Studio\2022\Enterprise\VC\Tools\MSVC\14.38.33130\include\string(23,1):
  see declaration of 'std'
  
C:\Program Files\Microsoft Visual Studio\2022\Enterprise\VC\Tools\MSVC\14.38.33130\include\cmath(671,1): error C2988: unrecognizable template declaration/definition
  (compiling source file 'Test.cpp')
  
C:\Program Files\Microsoft Visual Studio\2022\Enterprise\VC\Tools\MSVC\14.38.33130\include\cmath(671,1): error C2143: syntax error: missing ';' before '<'
  (compiling source file 'Test.cpp')
  
C:\Program Files\Microsoft Visual Studio\2022\Enterprise\VC\Tools\MSVC\14.38.33130\include\cmath(671,1): error C2238: unexpected token(s) preceding ';'
  (compiling source file 'Test.cpp')
  
C:\Program Files\Microsoft Visual Studio\2022\Enterprise\VC\Tools\MSVC\14.38.33130\include\cmath(671,1): error C2059: syntax error: '<'
  (compiling source file 'Test.cpp')
  
C:\Program Files\Microsoft Visual Studio\2022\Enterprise\VC\Tools\MSVC\14.38.33130\include\cmath(671,1): error C2334: unexpected token(s) preceding '{'; skipping apparent function body
  (compiling source file 'Test.cpp')
  
C:\Program Files\Microsoft Visual Studio\2022\Enterprise\VC\Tools\MSVC\14.38.33130\include\cmath(673,1): error C2039: '_Common_float_type_t': is not a member of 'std'
  (compiling source file 'Test.cpp')
  C:\Program Files\Microsoft Visual Studio\2022\Enterprise\VC\Tools\MSVC\14.38.33130\include\string(23,1):
  see declaration of 'std'
  
C:\Program Files\Microsoft Visual Studio\2022\Enterprise\VC\Tools\MSVC\14.38.33130\include\cmath(673,1): error C2988: unrecognizable template declaration/definition
  (compiling source file 'Test.cpp')
  
C:\Program Files\Microsoft Visual Studio\2022\Enterprise\VC\Tools\MSVC\14.38.33130\include\cmath(673,1): error C2143: syntax error: missing ';' before '<'
  (compiling source file 'Test.cpp')
  
C:\Program Files\Microsoft Visual Studio\2022\Enterprise\VC\Tools\MSVC\14.38.33130\include\cmath(673,1): error C2238: unexpected token(s) preceding ';'
  (compiling source file 'Test.cpp')
  
C:\Program Files\Microsoft Visual Studio\2022\Enterprise\VC\Tools\MSVC\14.38.33130\include\cmath(673,1): error C2059: syntax error: '<'
  (compiling source file 'Test.cpp')
  
C:\Program Files\Microsoft Visual Studio\2022\Enterprise\VC\Tools\MSVC\14.38.33130\include\cmath(673,1): error C2334: unexpected token(s) preceding '{'; skipping apparent function body
  (compiling source file 'Test.cpp')
  
C:\Program Files\Microsoft Visual Studio\2022\Enterprise\VC\Tools\MSVC\14.38.33130\include\cmath(689,1): error C2039: '_Common_float_type_t': is not a member of 'std'
  (compiling source file 'Test.cpp')
  C:\Program Files\Microsoft Visual Studio\2022\Enterprise\VC\Tools\MSVC\14.38.33130\include\string(23,1):
  see declaration of 'std'
  
C:\Program Files\Microsoft Visual Studio\2022\Enterprise\VC\Tools\MSVC\14.38.33130\include\cmath(689,1): error C2988: unrecognizable template declaration/definition
  (compiling source file 'Test.cpp')
  
C:\Program Files\Microsoft Visual Studio\2022\Enterprise\VC\Tools\MSVC\14.38.33130\include\cmath(689,1): error C2143: syntax error: missing ';' before '<'
  (compiling source file 'Test.cpp')
  
C:\Program Files\Microsoft Visual Studio\2022\Enterprise\VC\Tools\MSVC\14.38.33130\include\cmath(689,1): error C2238: unexpected token(s) preceding ';'
  (compiling source file 'Test.cpp')
  
C:\Program Files\Microsoft Visual Studio\2022\Enterprise\VC\Tools\MSVC\14.38.33130\include\cmath(689,1): error C2059: syntax error: '<'
  (compiling source file 'Test.cpp')
  
C:\Program Files\Microsoft Visual Studio\2022\Enterprise\VC\Tools\MSVC\14.38.33130\include\cmath(689,1): error C2334: unexpected token(s) preceding '{'; skipping apparent function body
  (compiling source file 'Test.cpp')
  
C:\Program Files\Microsoft Visual Studio\2022\Enterprise\VC\Tools\MSVC\14.38.33130\include\cmath(690,1): error C2039: '_Common_float_type_t': is not a member of 'std'
  (compiling source file 'Test.cpp')
  C:\Program Files\Microsoft Visual Studio\2022\Enterprise\VC\Tools\MSVC\14.38.33130\include\string(23,1):
  see declaration of 'std'
  
C:\Program Files\Microsoft Visual Studio\2022\Enterprise\VC\Tools\MSVC\14.38.33130\include\cmath(690,1): error C2988: unrecognizable template declaration/definition
  (compiling source file 'Test.cpp')
  
C:\Program Files\Microsoft Visual Studio\2022\Enterprise\VC\Tools\MSVC\14.38.33130\include\cmath(690,1): error C2143: syntax error: missing ';' before '<'
  (compiling source file 'Test.cpp')
  
C:\Program Files\Microsoft Visual Studio\2022\Enterprise\VC\Tools\MSVC\14.38.33130\include\cmath(690,1): error C2238: unexpected token(s) preceding ';'
  (compiling source file 'Test.cpp')
  
C:\Program Files\Microsoft Visual Studio\2022\Enterprise\VC\Tools\MSVC\14.38.33130\include\cmath(690,1): error C2059: syntax error: '<'
  (compiling source file 'Test.cpp')
  
C:\Program Files\Microsoft Visual Studio\2022\Enterprise\VC\Tools\MSVC\14.38.33130\include\cmath(690,1): error C2334: unexpected token(s) preceding '{'; skipping apparent function body
  (compiling source file 'Test.cpp')
  
C:\Program Files\Microsoft Visual Studio\2022\Enterprise\VC\Tools\MSVC\14.38.33130\include\cmath(692,1): error C2039: '_Common_float_type_t': is not a member of 'std'
  (compiling source file 'Test.cpp')
  C:\Program Files\Microsoft Visual Studio\2022\Enterprise\VC\Tools\MSVC\14.38.33130\include\string(23,1):
  see declaration of 'std'
  
C:\Program Files\Microsoft Visual Studio\2022\Enterprise\VC\Tools\MSVC\14.38.33130\include\cmath(692,1): error C2988: unrecognizable template declaration/definition
  (compiling source file 'Test.cpp')
  
C:\Program Files\Microsoft Visual Studio\2022\Enterprise\VC\Tools\MSVC\14.38.33130\include\cmath(692,1): error C2143: syntax error: missing ';' before '<'
  (compiling source file 'Test.cpp')
  
C:\Program Files\Microsoft Visual Studio\2022\Enterprise\VC\Tools\MSVC\14.38.33130\include\cmath(692,1): error C2238: unexpected token(s) preceding ';'
  (compiling source file 'Test.cpp')
  
C:\Program Files\Microsoft Visual Studio\2022\Enterprise\VC\Tools\MSVC\14.38.33130\include\cmath(692,1): error C2059: syntax error: '<'
  (compiling source file 'Test.cpp')
  
C:\Program Files\Microsoft Visual Studio\2022\Enterprise\VC\Tools\MSVC\14.38.33130\include\cmath(692,1): error C2334: unexpected token(s) preceding '{'; skipping apparent function body
  (compiling source file 'Test.cpp')
  
C:\Program Files\Microsoft Visual Studio\2022\Enterprise\VC\Tools\MSVC\14.38.33130\include\cmath(694,1): error C2039: '_Common_float_type_t': is not a member of 'std'
  (compiling source file 'Test.cpp')
  C:\Program Files\Microsoft Visual Studio\2022\Enterprise\VC\Tools\MSVC\14.38.33130\include\string(23,1):
  see declaration of 'std'
  
C:\Program Files\Microsoft Visual Studio\2022\Enterprise\VC\Tools\MSVC\14.38.33130\include\cmath(694,1): error C2988: unrecognizable template declaration/definition
  (compiling source file 'Test.cpp')
  
C:\Program Files\Microsoft Visual Studio\2022\Enterprise\VC\Tools\MSVC\14.38.33130\include\cmath(694,1): error C2143: syntax error: missing ';' before '<'
  (compiling source file 'Test.cpp')
  
C:\Program Files\Microsoft Visual Studio\2022\Enterprise\VC\Tools\MSVC\14.38.33130\include\cmath(694,1): error C2238: unexpected token(s) preceding ';'
  (compiling source file 'Test.cpp')
  
C:\Program Files\Microsoft Visual Studio\2022\Enterprise\VC\Tools\MSVC\14.38.33130\include\cmath(694,1): error C2059: syntax error: '<'
  (compiling source file 'Test.cpp')
  
C:\Program Files\Microsoft Visual Studio\2022\Enterprise\VC\Tools\MSVC\14.38.33130\include\cmath(694,1): error C2334: unexpected token(s) preceding '{'; skipping apparent function body
  (compiling source file 'Test.cpp')
  
C:\Program Files\Microsoft Visual Studio\2022\Enterprise\VC\Tools\MSVC\14.38.33130\include\cmath(696,1): error C2039: '_Common_float_type_t': is not a member of 'std'
  (compiling source file 'Test.cpp')
  C:\Program Files\Microsoft Visual Studio\2022\Enterprise\VC\Tools\MSVC\14.38.33130\include\string(23,1):
  see declaration of 'std'
  
C:\Program Files\Microsoft Visual Studio\2022\Enterprise\VC\Tools\MSVC\14.38.33130\include\cmath(696,1): error C2988: unrecognizable template declaration/definition
  (compiling source file 'Test.cpp')
  
C:\Program Files\Microsoft Visual Studio\2022\Enterprise\VC\Tools\MSVC\14.38.33130\include\cmath(696,1): error C2143: syntax error: missing ';' before '<'
  (compiling source file 'Test.cpp')
  
C:\Program Files\Microsoft Visual Studio\2022\Enterprise\VC\Tools\MSVC\14.38.33130\include\cmath(696,1): error C2238: unexpected token(s) preceding ';'
  (compiling source file 'Test.cpp')
  
C:\Program Files\Microsoft Visual Studio\2022\Enterprise\VC\Tools\MSVC\14.38.33130\include\cmath(696,1): error C2059: syntax error: '<'
  (compiling source file 'Test.cpp')
  
C:\Program Files\Microsoft Visual Studio\2022\Enterprise\VC\Tools\MSVC\14.38.33130\include\cmath(696,1): error C2334: unexpected token(s) preceding '{'; skipping apparent function body
  (compiling source file 'Test.cpp')
  
C:\Program Files\Microsoft Visual Studio\2022\Enterprise\VC\Tools\MSVC\14.38.33130\include\cmath(697,1): error C2039: '_Common_float_type_t': is not a member of 'std'
  (compiling source file 'Test.cpp')
  C:\Program Files\Microsoft Visual Studio\2022\Enterprise\VC\Tools\MSVC\14.38.33130\include\string(23,1):
  see declaration of 'std'
  
C:\Program Files\Microsoft Visual Studio\2022\Enterprise\VC\Tools\MSVC\14.38.33130\include\cmath(697,1): error C2988: unrecognizable template declaration/definition
  (compiling source file 'Test.cpp')
  
C:\Program Files\Microsoft Visual Studio\2022\Enterprise\VC\Tools\MSVC\14.38.33130\include\cmath(697,1): error C2143: syntax error: missing ';' before '<'
  (compiling source file 'Test.cpp')
  
C:\Program Files\Microsoft Visual Studio\2022\Enterprise\VC\Tools\MSVC\14.38.33130\include\cmath(697,1): error C2238: unexpected token(s) preceding ';'
  (compiling source file 'Test.cpp')
  
C:\Program Files\Microsoft Visual Studio\2022\Enterprise\VC\Tools\MSVC\14.38.33130\include\cmath(697,1): error C2059: syntax error: '<'
  (compiling source file 'Test.cpp')
  
C:\Program Files\Microsoft Visual Studio\2022\Enterprise\VC\Tools\MSVC\14.38.33130\include\cmath(697,1): error C2334: unexpected token(s) preceding '{'; skipping apparent function body
  (compiling source file 'Test.cpp')
  
C:\Program Files\Microsoft Visual Studio\2022\Enterprise\VC\Tools\MSVC\14.38.33130\include\cmath(698,1): error C2039: '_Common_float_type_t': is not a member of 'std'
  (compiling source file 'Test.cpp')
  C:\Program Files\Microsoft Visual Studio\2022\Enterprise\VC\Tools\MSVC\14.38.33130\include\string(23,1):
  see declaration of 'std'
  
C:\Program Files\Microsoft Visual Studio\2022\Enterprise\VC\Tools\MSVC\14.38.33130\include\cmath(698,1): error C2988: unrecognizable template declaration/definition
  (compiling source file 'Test.cpp')
  
C:\Program Files\Microsoft Visual Studio\2022\Enterprise\VC\Tools\MSVC\14.38.33130\include\cmath(698,1): error C2143: syntax error: missing ';' before '<'
  (compiling source file 'Test.cpp')
  
C:\Program Files\Microsoft Visual Studio\2022\Enterprise\VC\Tools\MSVC\14.38.33130\include\cmath(698,1): error C2238: unexpected token(s) preceding ';'
  (compiling source file 'Test.cpp')
  
C:\Program Files\Microsoft Visual Studio\2022\Enterprise\VC\Tools\MSVC\14.38.33130\include\cmath(698,1): error C2059: syntax error: '<'
  (compiling source file 'Test.cpp')
  
C:\Program Files\Microsoft Visual Studio\2022\Enterprise\VC\Tools\MSVC\14.38.33130\include\cmath(698,1): error C2334: unexpected token(s) preceding '{'; skipping apparent function body
  (compiling source file 'Test.cpp')
  
C:\Program Files\Microsoft Visual Studio\2022\Enterprise\VC\Tools\MSVC\14.38.33130\include\cmath(713,1): error C2988: unrecognizable template declaration/definition
  (compiling source file 'Test.cpp')
  
C:\Program Files\Microsoft Visual Studio\2022\Enterprise\VC\Tools\MSVC\14.38.33130\include\cmath(713,1): error C2059: syntax error: 'namespace'
  (compiling source file 'Test.cpp')
  
C:\Program Files\Microsoft Visual Studio\2022\Enterprise\VC\Tools\MSVC\14.38.33130\include\cmath(713,1): error C2334: unexpected token(s) preceding '{'; skipping apparent function body
  (compiling source file 'Test.cpp')
  
C:\Program Files\Microsoft Visual Studio\2022\Enterprise\VC\Tools\MSVC\14.38.33130\include\iterator(20,1): error C2988: unrecognizable template declaration/definition
  (compiling source file 'Test.cpp')
  
C:\Program Files\Microsoft Visual Studio\2022\Enterprise\VC\Tools\MSVC\14.38.33130\include\iterator(20,1): error C1003: error count exceeds 100; stopping compilation
  (compiling source file 'Test.cpp')
  
  Generating Code...
